<?xml version="1.0" encoding="UTF-8"?>
<!-- Generated by org.testng.reporters.JUnitXMLReporter -->
<testsuite hostname="LAPTOP-BSLDAL9Q" ignored="47" name="BUFFALO CART" tests="1" failures="0" timestamp="2021-12-07T08:17:03 IST" time="11.865" errors="0">
  <testcase name="verifyHomePageTitle" time="5.062" classname="com.buffalocart.testscripts.HomeTest"/>
  <testcase name="verifySalesCommissionAgentsPageTitle" time="0.0" classname="com.buffalocart.testscripts.SalesCommissionAgentsTest">
    <ignored/>
  </testcase> <!-- verifySalesCommissionAgentsPageTitle -->
  <testcase name="verifyUserCanViewTheUserDetails" time="0.0" classname="com.buffalocart.testscripts.ViewUserTest">
    <ignored/>
  </testcase> <!-- verifyUserCanViewTheUserDetails -->
  <testcase name="verifyUserCanDeleteUser" time="0.0" classname="com.buffalocart.testscripts.DeleteUserTest">
    <ignored/>
  </testcase> <!-- verifyUserCanDeleteUser -->
  <testcase name="verifyAddedRolesListedInRolesFiels" time="0.0" classname="com.buffalocart.testscripts.RolesTest">
    <ignored/>
  </testcase> <!-- verifyAddedRolesListedInRolesFiels -->
  <testcase name="verifyUserManagementSubTabs" time="0.0" classname="com.buffalocart.testscripts.UserManagementTest">
    <ignored/>
  </testcase> <!-- verifyUserManagementSubTabs -->
  <testcase name="verifyUserCanAddUserDetails" time="0.0" classname="com.buffalocart.testscripts.AddUsersTest">
    <ignored/>
  </testcase> <!-- verifyUserCanAddUserDetails -->
  <testcase name="verifyEditRolePageTitle" time="0.0" classname="com.buffalocart.testscripts.UpdateRolesTest">
    <ignored/>
  </testcase> <!-- verifyEditRolePageTitle -->
  <testcase name="verifyRememberMeCheckbox" time="0.0" classname="com.buffalocart.testscripts.LoginTest">
    <ignored/>
  </testcase> <!-- verifyRememberMeCheckbox -->
  <testcase name="verifyUserCanEditTheUserDetails" time="0.0" classname="com.buffalocart.testscripts.UpdateUserTest">
    <ignored/>
  </testcase> <!-- verifyUserCanEditTheUserDetails -->
  <testcase name="verifyEditUserPageTitle" time="0.0" classname="com.buffalocart.testscripts.UpdateUserTest">
    <ignored/>
  </testcase> <!-- verifyEditUserPageTitle -->
  <testcase name="verifyUserCanAddRoles" time="0.0" classname="com.buffalocart.testscripts.AddRolesTest">
    <ignored/>
  </testcase> <!-- verifyUserCanAddRoles -->
  <testcase name="verifyUserCanDeleteSalesAgent" time="0.0" classname="com.buffalocart.testscripts.DeleteSalesCommissionAgentsTest">
    <ignored/>
  </testcase> <!-- verifyUserCanDeleteSalesAgent -->
  <testcase name="verifyTheNavigationOfSignOutButton" time="0.0" classname="com.buffalocart.testscripts.SignOutTest">
    <ignored/>
  </testcase> <!-- verifyTheNavigationOfSignOutButton -->
  <testcase name="verifyRolesPageTitle" time="0.0" classname="com.buffalocart.testscripts.RolesTest">
    <ignored/>
  </testcase> <!-- verifyRolesPageTitle -->
  <testcase name="verifyMessageInUserSearchWithInvalidData" time="0.0" classname="com.buffalocart.testscripts.UsersTest">
    <ignored/>
  </testcase> <!-- verifyMessageInUserSearchWithInvalidData -->
  <testcase name="verifyAddUsersPageTitle" time="0.0" classname="com.buffalocart.testscripts.AddUsersTest">
    <ignored/>
  </testcase> <!-- verifyAddUsersPageTitle -->
  <testcase name="verifyAddRolesPageTitle" time="0.0" classname="com.buffalocart.testscripts.AddRolesTest">
    <ignored/>
  </testcase> <!-- verifyAddRolesPageTitle -->
  <testcase name="verifyDateInHomePage" time="0.0" classname="com.buffalocart.testscripts.HomeTest">
    <ignored/>
  </testcase> <!-- verifyDateInHomePage -->
  <testcase name="verifyLoginPageTitle" time="0.0" classname="com.buffalocart.testscripts.LoginTest">
    <ignored/>
  </testcase> <!-- verifyLoginPageTitle -->
  <testcase name="verifyUserSearchWithValidData" time="0.0" classname="com.buffalocart.testscripts.UsersTest">
    <ignored/>
  </testcase> <!-- verifyUserSearchWithValidData -->
  <testcase name="verifyErrorMessageOnResetPasswordPage" time="0.0" classname="com.buffalocart.testscripts.ResetPasswordTest">
    <ignored/>
  </testcase> <!-- verifyErrorMessageOnResetPasswordPage -->
  <testcase name="verifyErrorMessageWithInvalidCredentials" time="0.0" classname="com.buffalocart.testscripts.LoginTest">
    <ignored/>
  </testcase> <!-- verifyErrorMessageWithInvalidCredentials -->
  <testcase name="verifyUsersPageTitle" time="0.0" classname="com.buffalocart.testscripts.UsersTest">
    <ignored/>
  </testcase> <!-- verifyUsersPageTitle -->
  <testcase name="verifyUserLoginWithNewlyAddedUser" time="0.0" classname="com.buffalocart.testscripts.AddUsersTest">
    <ignored/>
  </testcase> <!-- verifyUserLoginWithNewlyAddedUser -->
  <testcase name="verifyErrorMessageWithoutFillingMandatory" time="0.0" classname="com.buffalocart.testscripts.AddUsersTest">
    <ignored/>
  </testcase> <!-- verifyErrorMessageWithoutFillingMandatory -->
  <testcase name="verifyEditSalesAgentDetails" time="0.0" classname="com.buffalocart.testscripts.UpdateSalesCommissionAgentsTest">
    <ignored/>
  </testcase> <!-- verifyEditSalesAgentDetails -->
  <testcase name="@AfterSuite sendingEmail" time="0.0" classname="com.buffalocart.automationcore.Base">
    <ignored/>
  </testcase> <!-- @AfterSuite sendingEmail -->
  <testcase name="@AfterSuite sendingEmail" time="0.0" classname="com.buffalocart.automationcore.Base">
    <ignored/>
  </testcase> <!-- @AfterSuite sendingEmail -->
  <testcase name="@AfterSuite sendingEmail" time="0.0" classname="com.buffalocart.automationcore.Base">
    <ignored/>
  </testcase> <!-- @AfterSuite sendingEmail -->
  <testcase name="@AfterSuite sendingEmail" time="0.0" classname="com.buffalocart.automationcore.Base">
    <ignored/>
  </testcase> <!-- @AfterSuite sendingEmail -->
  <testcase name="@AfterSuite sendingEmail" time="0.0" classname="com.buffalocart.automationcore.Base">
    <ignored/>
  </testcase> <!-- @AfterSuite sendingEmail -->
  <testcase name="@AfterSuite sendingEmail" time="0.0" classname="com.buffalocart.automationcore.Base">
    <ignored/>
  </testcase> <!-- @AfterSuite sendingEmail -->
  <testcase name="@AfterSuite sendingEmail" time="0.0" classname="com.buffalocart.automationcore.Base">
    <ignored/>
  </testcase> <!-- @AfterSuite sendingEmail -->
  <testcase name="@AfterSuite sendingEmail" time="0.0" classname="com.buffalocart.automationcore.Base">
    <ignored/>
  </testcase> <!-- @AfterSuite sendingEmail -->
  <testcase name="@AfterSuite sendingEmail" time="0.0" classname="com.buffalocart.automationcore.Base">
    <ignored/>
  </testcase> <!-- @AfterSuite sendingEmail -->
  <testcase name="@AfterSuite sendingEmail" time="0.0" classname="com.buffalocart.automationcore.Base">
    <ignored/>
  </testcase> <!-- @AfterSuite sendingEmail -->
  <testcase name="@AfterSuite sendingEmail" time="0.0" classname="com.buffalocart.automationcore.Base">
    <ignored/>
  </testcase> <!-- @AfterSuite sendingEmail -->
  <testcase name="@AfterSuite sendingEmail" time="0.0" classname="com.buffalocart.automationcore.Base">
    <ignored/>
  </testcase> <!-- @AfterSuite sendingEmail -->
  <testcase name="@AfterSuite sendingEmail" time="0.0" classname="com.buffalocart.automationcore.Base">
    <ignored/>
  </testcase> <!-- @AfterSuite sendingEmail -->
  <testcase name="@AfterSuite sendingEmail" time="0.0" classname="com.buffalocart.automationcore.Base">
    <ignored/>
  </testcase> <!-- @AfterSuite sendingEmail -->
  <testcase name="@AfterSuite sendingEmail" time="0.0" classname="com.buffalocart.automationcore.Base">
    <ignored/>
  </testcase> <!-- @AfterSuite sendingEmail -->
  <testcase name="@AfterSuite sendingEmail" time="0.0" classname="com.buffalocart.automationcore.Base">
    <ignored/>
  </testcase> <!-- @AfterSuite sendingEmail -->
  <testcase name="@AfterSuite sendingEmail" time="0.0" classname="com.buffalocart.automationcore.Base">
    <ignored/>
  </testcase> <!-- @AfterSuite sendingEmail -->
  <testcase name="verifyUserCanDeleteRole" time="0.0" classname="com.buffalocart.testscripts.DeleteRolesTest">
    <ignored/>
  </testcase> <!-- verifyUserCanDeleteRole -->
  <testcase name="verifyUserCanAddSalesAgent" time="0.0" classname="com.buffalocart.testscripts.AddSalesCommissionAgentsTest">
    <ignored/>
  </testcase> <!-- verifyUserCanAddSalesAgent -->
  <testcase name="verifyUserLoginWithValidUserCredentials" time="0.0" classname="com.buffalocart.testscripts.LoginTest">
    <ignored/>
  </testcase> <!-- verifyUserLoginWithValidUserCredentials -->
  <testcase name="verifyUserCanUpdateRole" time="0.0" classname="com.buffalocart.testscripts.UpdateRolesTest">
    <ignored/>
  </testcase> <!-- verifyUserCanUpdateRole -->
</testsuite> <!-- BUFFALO CART -->
